Determining if the pthread_create exist failed with the following output:
Change Dir: /home/seedfull/ros_project/ROS-wheeled-robot-master/kinetic/build/CMakeFiles/CMakeTmp

Run Build Command:"/usr/bin/make" "cmTC_2a222/fast"
/usr/bin/make -f CMakeFiles/cmTC_2a222.dir/build.make CMakeFiles/cmTC_2a222.dir/build
make[1]: Entering directory '/home/seedfull/ros_project/ROS-wheeled-robot-master/kinetic/build/CMakeFiles/CMakeTmp'
Building C object CMakeFiles/cmTC_2a222.dir/CheckSymbolExists.c.o
/usr/bin/cc     -o CMakeFiles/cmTC_2a222.dir/CheckSymbolExists.c.o   -c /home/seedfull/ros_project/ROS-wheeled-robot-master/kinetic/build/CMakeFiles/CMakeTmp/CheckSymbolExists.c
Linking C executable cmTC_2a222
/usr/bin/cmake -E cmake_link_script CMakeFiles/cmTC_2a222.dir/link.txt --verbose=1
/usr/bin/cc       CMakeFiles/cmTC_2a222.dir/CheckSymbolExists.c.o  -o cmTC_2a222 -rdynamic 
CMakeFiles/cmTC_2a222.dir/CheckSymbolExists.c.o: In function `main':
CheckSymbolExists.c:(.text+0x16): undefined reference to `pthread_create'
collect2: error: ld returned 1 exit status
CMakeFiles/cmTC_2a222.dir/build.make:97: recipe for target 'cmTC_2a222' failed
make[1]: *** [cmTC_2a222] Error 1
make[1]: Leaving directory '/home/seedfull/ros_project/ROS-wheeled-robot-master/kinetic/build/CMakeFiles/CMakeTmp'
Makefile:126: recipe for target 'cmTC_2a222/fast' failed
make: *** [cmTC_2a222/fast] Error 2

File /home/seedfull/ros_project/ROS-wheeled-robot-master/kinetic/build/CMakeFiles/CMakeTmp/CheckSymbolExists.c:
/* */
#include <pthread.h>

int main(int argc, char** argv)
{
  (void)argv;
#ifndef pthread_create
  return ((int*)(&pthread_create))[argc];
#else
  (void)argc;
  return 0;
#endif
}

Determining if the function pthread_create exists in the pthreads failed with the following output:
Change Dir: /home/seedfull/ros_project/ROS-wheeled-robot-master/kinetic/build/CMakeFiles/CMakeTmp

Run Build Command:"/usr/bin/make" "cmTC_6982e/fast"
/usr/bin/make -f CMakeFiles/cmTC_6982e.dir/build.make CMakeFiles/cmTC_6982e.dir/build
make[1]: Entering directory '/home/seedfull/ros_project/ROS-wheeled-robot-master/kinetic/build/CMakeFiles/CMakeTmp'
Building C object CMakeFiles/cmTC_6982e.dir/CheckFunctionExists.c.o
/usr/bin/cc    -DCHECK_FUNCTION_EXISTS=pthread_create   -o CMakeFiles/cmTC_6982e.dir/CheckFunctionExists.c.o   -c /usr/share/cmake-3.5/Modules/CheckFunctionExists.c
Linking C executable cmTC_6982e
/usr/bin/cmake -E cmake_link_script CMakeFiles/cmTC_6982e.dir/link.txt --verbose=1
/usr/bin/cc   -DCHECK_FUNCTION_EXISTS=pthread_create    CMakeFiles/cmTC_6982e.dir/CheckFunctionExists.c.o  -o cmTC_6982e -rdynamic -lpthreads 
/usr/bin/ld: cannot find -lpthreads
collect2: error: ld returned 1 exit status
CMakeFiles/cmTC_6982e.dir/build.make:97: recipe for target 'cmTC_6982e' failed
make[1]: *** [cmTC_6982e] Error 1
make[1]: Leaving directory '/home/seedfull/ros_project/ROS-wheeled-robot-master/kinetic/build/CMakeFiles/CMakeTmp'
Makefile:126: recipe for target 'cmTC_6982e/fast' failed
make: *** [cmTC_6982e/fast] Error 2


Determining if the include file pgm.h exists failed with the following output:
Change Dir: /home/seedfull/ros_project/ROS-wheeled-robot-master/kinetic/build/CMakeFiles/CMakeTmp

Run Build Command:"/usr/bin/make" "cmTC_937a7/fast"
make[1]: Entering directory '/home/seedfull/ros_project/ROS-wheeled-robot-master/kinetic/build/CMakeFiles/CMakeTmp'
/usr/bin/make -f CMakeFiles/cmTC_937a7.dir/build.make CMakeFiles/cmTC_937a7.dir/build
make[2]: Entering directory '/home/seedfull/ros_project/ROS-wheeled-robot-master/kinetic/build/CMakeFiles/CMakeTmp'
Building CXX object CMakeFiles/cmTC_937a7.dir/CheckIncludeFile.cxx.o
/usr/bin/c++      -o CMakeFiles/cmTC_937a7.dir/CheckIncludeFile.cxx.o -c /home/seedfull/ros_project/ROS-wheeled-robot-master/kinetic/build/CMakeFiles/CMakeTmp/CheckIncludeFile.cxx
/home/seedfull/ros_project/ROS-wheeled-robot-master/kinetic/build/CMakeFiles/CMakeTmp/CheckIncludeFile.cxx:1:17: fatal error: pgm.h: No such file or directory
compilation terminated.
CMakeFiles/cmTC_937a7.dir/build.make:65: recipe for target 'CMakeFiles/cmTC_937a7.dir/CheckIncludeFile.cxx.o' failed
make[2]: *** [CMakeFiles/cmTC_937a7.dir/CheckIncludeFile.cxx.o] Error 1
make[2]: Leaving directory '/home/seedfull/ros_project/ROS-wheeled-robot-master/kinetic/build/CMakeFiles/CMakeTmp'
Makefile:126: recipe for target 'cmTC_937a7/fast' failed
make[1]: *** [cmTC_937a7/fast] Error 2
make[1]: Leaving directory '/home/seedfull/ros_project/ROS-wheeled-robot-master/kinetic/build/CMakeFiles/CMakeTmp'


